<?xml version="1.0" encoding="UTF-8"?>
<!-- Generated by org.testng.reporters.JUnitXMLReporter -->
<testsuite ignored="0" hostname="mohankrishna" failures="1" tests="2" name="Errorvalidationtest" time="18.616" errors="0" timestamp="2025-10-05T11:54:48 IST">
  <testcase classname="seleniumproject.Errorvalidation" name="loginerrorvalidation" time="0.356">
    <failure type="java.lang.AssertionError" message="expected [Incorrect email or password.] but found [Incorrect emails or password.]">
      <![CDATA[java.lang.AssertionError: expected [Incorrect email or password.] but found [Incorrect emails or password.]
at seleniumproject.Errorvalidation.loginerrorvalidation(Errorvalidation.java:25)
at java.base/java.util.ArrayList.forEach(ArrayList.java:1596)
... Removed 31 stack frames]]>
    </failure>
  </testcase> <!-- loginerrorvalidation -->
  <testcase classname="seleniumproject.Errorvalidation" name="producterrorvalidation" time="13.527"/>
</testsuite> <!-- Errorvalidationtest -->
