<?xml version="1.0" encoding="UTF-8"?>
<!-- Generated by org.testng.reporters.JUnitXMLReporter -->
<testsuite ignored="0" hostname="mohankrishna" failures="0" tests="2" name="Error validation test" time="0.097" errors="0" timestamp="2025-10-05T11:37:39 IST">
  <testcase classname="seleniumproject.Errorvalidation" name="loginerrorvalidation" time="0.0">
    <skipped/>
  </testcase> <!-- loginerrorvalidation -->
  <testcase classname="seleniumproject.Errorvalidation" name="producterrorvalidation" time="0.001">
    <skipped/>
  </testcase> <!-- producterrorvalidation -->
</testsuite> <!-- Error validation test -->
