<?xml version="1.0" encoding="UTF-8"?>
<!-- Generated by org.testng.reporters.JUnitXMLReporter -->
<testsuite ignored="0" hostname="mohankrishna" failures="0" tests="3" name="Submitordertest" time="41.176" errors="0" timestamp="2025-10-05T11:54:29 IST">
  <testcase classname="seleniumproject.submitordertest" name="submitorder" time="17.436"/>
  <testcase classname="seleniumproject.submitordertest" name="submitorder" time="17.495"/>
  <testcase classname="seleniumproject.submitordertest" name="orderhistorytest" time="0.719"/>
</testsuite> <!-- Submitordertest -->
